Tue 10 Sep 2024 08:29:59 AM UTC: Starting CUDA installation...
[0;93mTools like apt, brew, and yum which modify system
dependencies are not directly callable inside Replit. We offer the
[1;93mSystem Dependencies[0;93m pane for easy dependency management.

For more information, please check
https://docs.replit.com/replit-workspace/dependency-management , and don't
forget to indicate whether you found the documentation helpful at the bottom
of the page!
[0m
Tue 10 Sep 2024 08:30:12 AM UTC: Starting CUDA installation...
Tue 10 Sep 2024 08:30:12 AM UTC: Updating package list...
[0;93mTools like apt,
brew, and yum which modify
system dependencies are
not directly callable
inside Replit. We offer the
[1;93mSystem Dependencies[0;93m
pane for easy dependency
management.

For more
information, please check
https://docs.replit.com/replit-workspace/dependency-management
, and don't forget to
indicate whether you found the
documentation helpful at the
bottom of the page!
[0m
Tue 10 Sep 2024 08:30:22 AM UTC: Starting CUDA installation...
Tue 10 Sep 2024 08:30:22 AM UTC: Updating package list...
[0;93mTools like apt, brew, and yum which modify system
dependencies are not directly callable inside Replit. We offer the
[1;93mSystem Dependencies[0;93m pane for easy dependency management.

For more information, please check
https://docs.replit.com/replit-workspace/dependency-management , and don't
forget to indicate whether you found the documentation helpful at the bottom
of the page!
[0m
Tue 10 Sep 2024 08:30:42 AM UTC: Starting CUDA installation...
Tue 10 Sep 2024 08:30:42 AM UTC: Updating package list...
[0;93mTools like apt, brew, and yum which modify system
dependencies are not directly callable inside Replit. We offer the
[1;93mSystem Dependencies[0;93m pane for easy dependency management.

For more information, please check
https://docs.replit.com/replit-workspace/dependency-management , and don't
forget to indicate whether you found the documentation helpful at the bottom
of the page!
[0m
Tue 10 Sep 2024 08:31:23 AM UTC: Starting CUDA installation...
Tue 10 Sep 2024 08:31:23 AM UTC: Updating package list...
[0;93mTools like apt, brew, and yum which modify system
dependencies are not directly callable inside Replit. We offer the
[1;93mSystem Dependencies[0;93m pane for easy dependency management.

For more information, please check
https://docs.replit.com/replit-workspace/dependency-management , and don't
forget to indicate whether you found the documentation helpful at the bottom
of the page!
[0m
Tue 10 Sep 2024 08:31:45 AM UTC: Starting CUDA installation...
Tue 10 Sep 2024 08:31:45 AM UTC: Updating package list...
[0;93mTools like apt, brew, and yum which modify system
dependencies are not directly callable inside Replit. We offer the
[1;93mSystem Dependencies[0;93m pane for easy dependency management.

For more information, please check
https://docs.replit.com/replit-workspace/dependency-management , and don't
forget to indicate whether you found the documentation helpful at the bottom
of the page!
[0m
Tue 10 Sep 2024 08:32:07 AM UTC: Starting CUDA installation...
Tue 10 Sep 2024 08:32:07 AM UTC: Updating package list...
[0;93mTools like apt, brew, and yum which modify system
dependencies are not directly callable inside Replit. We offer the
[1;93mSystem Dependencies[0;93m pane for easy dependency management.

For more information, please check
https://docs.replit.com/replit-workspace/dependency-management , and don't
forget to indicate whether you found the documentation helpful at the bottom
of the page!
[0m
Tue 10 Sep 2024 08:32:28 AM UTC: Starting CUDA installation...
Tue 10 Sep 2024 08:32:28 AM UTC: Updating package list...
[0;93mTools like apt, brew, and yum which modify system
dependencies are not directly callable inside Replit. We offer the
[1;93mSystem Dependencies[0;93m pane for easy dependency management.

For more information, please check
https://docs.replit.com/replit-workspace/dependency-management , and don't
forget to indicate whether you found the documentation helpful at the bottom
of the page!
[0m
Tue 10 Sep 2024 08:32:49 AM UTC: Starting CUDA installation...
Tue 10 Sep 2024 08:32:49 AM UTC: Updating package list...
[0;93mTools like apt, brew, and yum which modify system
dependencies are not directly callable inside Replit. We offer the
[1;93mSystem Dependencies[0;93m pane for easy dependency management.

For more information, please check
https://docs.replit.com/replit-workspace/dependency-management , and don't
forget to indicate whether you found the documentation helpful at the bottom
of the page!
[0m
Tue 10 Sep 2024 08:33:10 AM UTC: Starting CUDA installation...
Tue 10 Sep 2024 08:33:10 AM UTC: Updating package list...
[0;93mTools like apt, brew, and yum which modify system
dependencies are not directly callable inside Replit. We offer the
[1;93mSystem Dependencies[0;93m pane for easy dependency management.

For more information, please check
https://docs.replit.com/replit-workspace/dependency-management , and don't
forget to indicate whether you found the documentation helpful at the bottom
of the page!
[0m
Tue 10 Sep 2024 08:41:48 AM UTC: Starting CUDA installation...
Tue 10 Sep 2024 08:41:48 AM UTC: Updating package list...
Tue 10 Sep 2024 08:41:48 AM UTC: ERROR: Failed to update package list
Tue 10 Sep 2024 08:41:50 AM UTC: Starting CUDA installation...
Tue 10 Sep 2024 08:41:50 AM UTC: Updating package list...
Tue 10 Sep 2024 08:41:50 AM UTC: ERROR: Failed to update package list
Tue 10 Sep 2024 08:42:28 AM UTC: Running CUDA simulation...
Tue 10 Sep 2024 08:42:28 AM UTC: ERROR: Failed to run CUDA simulation
Tue 10 Sep 2024 08:48:00 AM UTC: Running CUDA simulation...
Tue 10 Sep 2024 08:48:00 AM UTC: Running CUDA simulation...
Tue 10 Sep 2024 08:48:01 AM UTC: Running benchmarks...
Tue 10 Sep 2024 08:48:01 AM UTC: Running benchmarks...
Tue 10 Sep 2024 08:48:01 AM UTC: CUDA simulation and optimization completed successfully.
Tue 10 Sep 2024 08:48:01 AM UTC: CUDA simulation and optimization completed successfully.
Tue 10 Sep 2024 08:48:09 AM UTC: Running CUDA simulation...
Tue 10 Sep 2024 08:48:09 AM UTC: Running benchmarks...
Tue 10 Sep 2024 08:48:09 AM UTC: CUDA simulation and optimization completed successfully.
